{"/Users/mjusic/Code/reedsy-challenge-node/node-app/src/common/enums/state.enum.ts": {"path":"/Users/mjusic/Code/reedsy-challenge-node/node-app/src/common/enums/state.enum.ts","statementMap":{"0":{"start":{"line":1,"column":0},"end":{"line":1,"column":null}},"1":{"start":{"line":2,"column":2},"end":{"line":2,"column":null}},"2":{"start":{"line":3,"column":2},"end":{"line":3,"column":null}},"3":{"start":{"line":6,"column":0},"end":{"line":6,"column":null}},"4":{"start":{"line":7,"column":2},"end":{"line":7,"column":null}},"5":{"start":{"line":8,"column":2},"end":{"line":8,"column":null}},"6":{"start":{"line":9,"column":2},"end":{"line":9,"column":null}},"7":{"start":{"line":10,"column":2},"end":{"line":10,"column":null}},"8":{"start":{"line":13,"column":0},"end":{"line":13,"column":null}},"9":{"start":{"line":14,"column":2},"end":{"line":14,"column":null}},"10":{"start":{"line":15,"column":2},"end":{"line":15,"column":null}}},"fnMap":{"0":{"name":"(anonymous_0)","decl":{"start":{"line":1,"column":0},"end":{"line":1,"column":12}},"loc":{"start":{"line":1,"column":20},"end":{"line":4,"column":1}}},"1":{"name":"(anonymous_1)","decl":{"start":{"line":6,"column":0},"end":{"line":6,"column":12}},"loc":{"start":{"line":6,"column":22},"end":{"line":11,"column":1}}},"2":{"name":"(anonymous_2)","decl":{"start":{"line":13,"column":0},"end":{"line":13,"column":12}},"loc":{"start":{"line":13,"column":22},"end":{"line":16,"column":1}}}},"branchMap":{"0":{"loc":{"start":{"line":1,"column":12},"end":{"line":1,"column":null}},"type":"binary-expr","locations":[{"start":{"line":1,"column":12},"end":{"line":1,"column":20}},{"start":{"line":1,"column":20},"end":{"line":1,"column":null}}]},"1":{"loc":{"start":{"line":6,"column":12},"end":{"line":6,"column":null}},"type":"binary-expr","locations":[{"start":{"line":6,"column":12},"end":{"line":6,"column":22}},{"start":{"line":6,"column":22},"end":{"line":6,"column":null}}]},"2":{"loc":{"start":{"line":13,"column":12},"end":{"line":13,"column":null}},"type":"binary-expr","locations":[{"start":{"line":13,"column":12},"end":{"line":13,"column":22}},{"start":{"line":13,"column":22},"end":{"line":13,"column":null}}]}},"s":{"0":6,"1":6,"2":6,"3":6,"4":6,"5":6,"6":6,"7":6,"8":6,"9":6,"10":6},"f":{"0":6,"1":6,"2":6},"b":{"0":[6,6],"1":[6,6],"2":[6,6]}}
,"/Users/mjusic/Code/reedsy-challenge-node/node-app/src/export-job/export-job.controller.ts": {"path":"/Users/mjusic/Code/reedsy-challenge-node/node-app/src/export-job/export-job.controller.ts","statementMap":{"0":{"start":{"line":1,"column":0},"end":{"line":1,"column":61}},"1":{"start":{"line":2,"column":0},"end":{"line":2,"column":56}},"2":{"start":{"line":3,"column":0},"end":{"line":3,"column":73}},"3":{"start":{"line":6,"column":7},"end":{"line":18,"column":null}},"4":{"start":{"line":7,"column":31},"end":{"line":7,"column":46}},"5":{"start":{"line":11,"column":4},"end":{"line":11,"column":43}},"6":{"start":{"line":16,"column":4},"end":{"line":16,"column":40}},"7":{"start":{"line":6,"column":13},"end":{"line":6,"column":32}},"8":{"start":{"line":10,"column":2},"end":{"line":12,"column":null}},"9":{"start":{"line":15,"column":2},"end":{"line":17,"column":null}},"10":{"start":{"line":6,"column":13},"end":{"line":18,"column":null}}},"fnMap":{"0":{"name":"(anonymous_4)","decl":{"start":{"line":7,"column":2},"end":{"line":7,"column":31}},"loc":{"start":{"line":7,"column":62},"end":{"line":7,"column":66}}},"1":{"name":"(anonymous_5)","decl":{"start":{"line":10,"column":2},"end":{"line":10,"column":8}},"loc":{"start":{"line":10,"column":48},"end":{"line":12,"column":3}}},"2":{"name":"(anonymous_6)","decl":{"start":{"line":15,"column":2},"end":{"line":15,"column":9}},"loc":{"start":{"line":15,"column":9},"end":{"line":17,"column":3}}}},"branchMap":{},"s":{"0":1,"1":1,"2":1,"3":1,"4":3,"5":1,"6":1,"7":1,"8":1,"9":1,"10":1},"f":{"0":3,"1":1,"2":1},"b":{}}
,"/Users/mjusic/Code/reedsy-challenge-node/node-app/src/export-job/export-job.service.ts": {"path":"/Users/mjusic/Code/reedsy-challenge-node/node-app/src/export-job/export-job.service.ts","statementMap":{"0":{"start":{"line":1,"column":0},"end":{"line":1,"column":44}},"1":{"start":{"line":2,"column":0},"end":{"line":2,"column":47}},"2":{"start":{"line":3,"column":0},"end":{"line":3,"column":33}},"3":{"start":{"line":9,"column":0},"end":{"line":9,"column":66}},"4":{"start":{"line":10,"column":0},"end":{"line":10,"column":55}},"5":{"start":{"line":11,"column":0},"end":{"line":11,"column":77}},"6":{"start":{"line":14,"column":7},"end":{"line":53,"column":null}},"7":{"start":{"line":17,"column":41},"end":{"line":17,"column":54}},"8":{"start":{"line":18,"column":21},"end":{"line":18,"column":42}},"9":{"start":{"line":24,"column":23},"end":{"line":24,"column":49}},"10":{"start":{"line":25,"column":21},"end":{"line":25,"column":44}},"11":{"start":{"line":27,"column":27},"end":{"line":27,"column":60}},"12":{"start":{"line":28,"column":4},"end":{"line":32,"column":23}},"13":{"start":{"line":29,"column":6},"end":{"line":29,"column":41}},"14":{"start":{"line":30,"column":6},"end":{"line":30,"column":39}},"15":{"start":{"line":31,"column":6},"end":{"line":31,"column":28}},"16":{"start":{"line":34,"column":4},"end":{"line":34,"column":58}},"17":{"start":{"line":38,"column":20},"end":{"line":38,"column":56}},"18":{"start":{"line":40,"column":4},"end":{"line":40,"column":70}},"19":{"start":{"line":44,"column":4},"end":{"line":51,"column":null}},"20":{"start":{"line":46,"column":8},"end":{"line":46,"column":25}},"21":{"start":{"line":48,"column":8},"end":{"line":48,"column":25}},"22":{"start":{"line":50,"column":8},"end":{"line":50,"column":14}},"23":{"start":{"line":14,"column":13},"end":{"line":14,"column":29}},"24":{"start":{"line":14,"column":13},"end":{"line":53,"column":null}}},"fnMap":{"0":{"name":"(anonymous_4)","decl":{"start":{"line":16,"column":2},"end":{"line":16,"column":null}},"loc":{"start":{"line":18,"column":64},"end":{"line":19,"column":6}}},"1":{"name":"(anonymous_5)","decl":{"start":{"line":21,"column":2},"end":{"line":21,"column":7}},"loc":{"start":{"line":22,"column":35},"end":{"line":35,"column":3}}},"2":{"name":"(anonymous_6)","decl":{"start":{"line":28,"column":15},"end":{"line":28,"column":20}},"loc":{"start":{"line":28,"column":26},"end":{"line":32,"column":5}}},"3":{"name":"(anonymous_7)","decl":{"start":{"line":37,"column":2},"end":{"line":37,"column":7}},"loc":{"start":{"line":37,"column":15},"end":{"line":41,"column":3}}},"4":{"name":"(anonymous_8)","decl":{"start":{"line":43,"column":10},"end":{"line":43,"column":27}},"loc":{"start":{"line":43,"column":40},"end":{"line":52,"column":3}}}},"branchMap":{"0":{"loc":{"start":{"line":44,"column":4},"end":{"line":51,"column":null}},"type":"switch","locations":[{"start":{"line":45,"column":6},"end":{"line":46,"column":25}},{"start":{"line":47,"column":6},"end":{"line":48,"column":25}},{"start":{"line":49,"column":6},"end":{"line":50,"column":14}}]}},"s":{"0":2,"1":2,"2":2,"3":2,"4":2,"5":2,"6":2,"7":2,"8":2,"9":1,"10":1,"11":1,"12":1,"13":0,"14":0,"15":0,"16":1,"17":0,"18":0,"19":1,"20":0,"21":1,"22":0,"23":2,"24":2},"f":{"0":2,"1":1,"2":0,"3":0,"4":1},"b":{"0":[0,1,0]}}
,"/Users/mjusic/Code/reedsy-challenge-node/node-app/src/export-job/helpers/export-job.helper.ts": {"path":"/Users/mjusic/Code/reedsy-challenge-node/node-app/src/export-job/helpers/export-job.helper.ts","statementMap":{"0":{"start":{"line":4,"column":38},"end":{"line":9,"column":2}},"1":{"start":{"line":4,"column":59},"end":{"line":9,"column":2}},"2":{"start":{"line":4,"column":13},"end":{"line":4,"column":38}}},"fnMap":{"0":{"name":"(anonymous_0)","decl":{"start":{"line":4,"column":38},"end":{"line":4,"column":39}},"loc":{"start":{"line":4,"column":59},"end":{"line":9,"column":2}}}},"branchMap":{},"s":{"0":3,"1":3,"2":3},"f":{"0":3},"b":{}}
,"/Users/mjusic/Code/reedsy-challenge-node/node-app/src/export-job/mappers/export-job-mapper.service.ts": {"path":"/Users/mjusic/Code/reedsy-challenge-node/node-app/src/export-job/mappers/export-job-mapper.service.ts","statementMap":{"0":{"start":{"line":2,"column":0},"end":{"line":2,"column":44}},"1":{"start":{"line":8,"column":0},"end":{"line":8,"column":69}},"2":{"start":{"line":9,"column":0},"end":{"line":9,"column":70}},"3":{"start":{"line":12,"column":7},"end":{"line":37,"column":null}},"4":{"start":{"line":14,"column":4},"end":{"line":20,"column":6}},"5":{"start":{"line":24,"column":48},"end":{"line":27,"column":6}},"6":{"start":{"line":28,"column":4},"end":{"line":34,"column":null}},"7":{"start":{"line":29,"column":6},"end":{"line":33,"column":null}},"8":{"start":{"line":30,"column":8},"end":{"line":32,"column":null}},"9":{"start":{"line":31,"column":10},"end":{"line":31,"column":66}},"10":{"start":{"line":35,"column":4},"end":{"line":35,"column":22}},"11":{"start":{"line":12,"column":13},"end":{"line":12,"column":35}},"12":{"start":{"line":12,"column":13},"end":{"line":37,"column":null}}},"fnMap":{"0":{"name":"(anonymous_1)","decl":{"start":{"line":13,"column":2},"end":{"line":13,"column":13}},"loc":{"start":{"line":13,"column":37},"end":{"line":21,"column":3}}},"1":{"name":"(anonymous_2)","decl":{"start":{"line":23,"column":2},"end":{"line":23,"column":26}},"loc":{"start":{"line":23,"column":44},"end":{"line":36,"column":3}}}},"branchMap":{"0":{"loc":{"start":{"line":28,"column":4},"end":{"line":34,"column":null}},"type":"if","locations":[{"start":{"line":28,"column":4},"end":{"line":34,"column":null}}]},"1":{"loc":{"start":{"line":30,"column":8},"end":{"line":32,"column":null}},"type":"if","locations":[{"start":{"line":30,"column":8},"end":{"line":32,"column":null}}]},"2":{"loc":{"start":{"line":30,"column":12},"end":{"line":30,"column":77}},"type":"binary-expr","locations":[{"start":{"line":30,"column":12},"end":{"line":30,"column":42}},{"start":{"line":30,"column":46},"end":{"line":30,"column":77}}]}},"s":{"0":3,"1":3,"2":3,"3":3,"4":1,"5":1,"6":1,"7":1,"8":3,"9":3,"10":1,"11":3,"12":3},"f":{"0":1,"1":1},"b":{"0":[1],"1":[3],"2":[3,1]}}
,"/Users/mjusic/Code/reedsy-challenge-node/node-app/src/export-job/schema/export-job.schema.ts": {"path":"/Users/mjusic/Code/reedsy-challenge-node/node-app/src/export-job/schema/export-job.schema.ts","statementMap":{"0":{"start":{"line":1,"column":0},"end":{"line":1,"column":63}},"1":{"start":{"line":2,"column":0},"end":{"line":2,"column":36}},"2":{"start":{"line":3,"column":0},"end":{"line":3,"column":69}},"3":{"start":{"line":6,"column":7},"end":{"line":21,"column":null}},"4":{"start":{"line":6,"column":13},"end":{"line":6,"column":22}},"5":{"start":{"line":8,"column":2},"end":{"line":8,"column":null}},"6":{"start":{"line":11,"column":2},"end":{"line":11,"column":null}},"7":{"start":{"line":14,"column":2},"end":{"line":14,"column":null}},"8":{"start":{"line":17,"column":2},"end":{"line":17,"column":null}},"9":{"start":{"line":20,"column":2},"end":{"line":20,"column":null}},"10":{"start":{"line":6,"column":13},"end":{"line":21,"column":null}},"11":{"start":{"line":23,"column":13},"end":{"line":23,"column":71}}},"fnMap":{},"branchMap":{},"s":{"0":2,"1":2,"2":2,"3":2,"4":2,"5":2,"6":2,"7":2,"8":2,"9":2,"10":2,"11":2},"f":{},"b":{}}
,"/Users/mjusic/Code/reedsy-challenge-node/node-app/src/import-job/import-job.controller.ts": {"path":"/Users/mjusic/Code/reedsy-challenge-node/node-app/src/import-job/import-job.controller.ts","statementMap":{"0":{"start":{"line":1,"column":0},"end":{"line":1,"column":61}},"1":{"start":{"line":2,"column":0},"end":{"line":2,"column":56}},"2":{"start":{"line":3,"column":0},"end":{"line":3,"column":73}},"3":{"start":{"line":6,"column":7},"end":{"line":18,"column":null}},"4":{"start":{"line":7,"column":31},"end":{"line":7,"column":46}},"5":{"start":{"line":11,"column":4},"end":{"line":11,"column":43}},"6":{"start":{"line":16,"column":4},"end":{"line":16,"column":40}},"7":{"start":{"line":6,"column":13},"end":{"line":6,"column":32}},"8":{"start":{"line":10,"column":2},"end":{"line":12,"column":null}},"9":{"start":{"line":15,"column":2},"end":{"line":17,"column":null}},"10":{"start":{"line":6,"column":13},"end":{"line":18,"column":null}}},"fnMap":{"0":{"name":"(anonymous_4)","decl":{"start":{"line":7,"column":2},"end":{"line":7,"column":31}},"loc":{"start":{"line":7,"column":62},"end":{"line":7,"column":66}}},"1":{"name":"(anonymous_5)","decl":{"start":{"line":10,"column":2},"end":{"line":10,"column":8}},"loc":{"start":{"line":10,"column":48},"end":{"line":12,"column":3}}},"2":{"name":"(anonymous_6)","decl":{"start":{"line":15,"column":2},"end":{"line":15,"column":9}},"loc":{"start":{"line":15,"column":9},"end":{"line":17,"column":3}}}},"branchMap":{},"s":{"0":1,"1":1,"2":1,"3":1,"4":3,"5":1,"6":1,"7":1,"8":1,"9":1,"10":1},"f":{"0":3,"1":1,"2":1},"b":{}}
,"/Users/mjusic/Code/reedsy-challenge-node/node-app/src/import-job/import-job.service.ts": {"path":"/Users/mjusic/Code/reedsy-challenge-node/node-app/src/import-job/import-job.service.ts","statementMap":{"0":{"start":{"line":1,"column":0},"end":{"line":1,"column":44}},"1":{"start":{"line":2,"column":0},"end":{"line":2,"column":47}},"2":{"start":{"line":3,"column":0},"end":{"line":3,"column":33}},"3":{"start":{"line":5,"column":0},"end":{"line":5,"column":54}},"4":{"start":{"line":6,"column":0},"end":{"line":6,"column":55}},"5":{"start":{"line":11,"column":0},"end":{"line":11,"column":76}},"6":{"start":{"line":14,"column":7},"end":{"line":45,"column":null}},"7":{"start":{"line":16,"column":41},"end":{"line":16,"column":54}},"8":{"start":{"line":17,"column":21},"end":{"line":17,"column":35}},"9":{"start":{"line":23,"column":23},"end":{"line":23,"column":49}},"10":{"start":{"line":24,"column":21},"end":{"line":24,"column":44}},"11":{"start":{"line":26,"column":27},"end":{"line":26,"column":51}},"12":{"start":{"line":27,"column":4},"end":{"line":31,"column":23}},"13":{"start":{"line":28,"column":6},"end":{"line":28,"column":41}},"14":{"start":{"line":29,"column":6},"end":{"line":29,"column":39}},"15":{"start":{"line":30,"column":6},"end":{"line":30,"column":28}},"16":{"start":{"line":33,"column":4},"end":{"line":33,"column":51}},"17":{"start":{"line":37,"column":20},"end":{"line":37,"column":56}},"18":{"start":{"line":39,"column":4},"end":{"line":39,"column":63}},"19":{"start":{"line":43,"column":4},"end":{"line":43,"column":21}},"20":{"start":{"line":14,"column":13},"end":{"line":14,"column":29}},"21":{"start":{"line":14,"column":13},"end":{"line":45,"column":null}}},"fnMap":{"0":{"name":"(anonymous_4)","decl":{"start":{"line":15,"column":2},"end":{"line":15,"column":null}},"loc":{"start":{"line":17,"column":57},"end":{"line":18,"column":6}}},"1":{"name":"(anonymous_5)","decl":{"start":{"line":20,"column":2},"end":{"line":20,"column":7}},"loc":{"start":{"line":21,"column":35},"end":{"line":34,"column":3}}},"2":{"name":"(anonymous_6)","decl":{"start":{"line":27,"column":15},"end":{"line":27,"column":20}},"loc":{"start":{"line":27,"column":26},"end":{"line":31,"column":5}}},"3":{"name":"(anonymous_7)","decl":{"start":{"line":36,"column":2},"end":{"line":36,"column":7}},"loc":{"start":{"line":36,"column":15},"end":{"line":40,"column":3}}},"4":{"name":"(anonymous_8)","decl":{"start":{"line":42,"column":10},"end":{"line":42,"column":27}},"loc":{"start":{"line":42,"column":27},"end":{"line":44,"column":3}}}},"branchMap":{},"s":{"0":2,"1":2,"2":2,"3":2,"4":2,"5":2,"6":2,"7":1,"8":1,"9":0,"10":0,"11":0,"12":0,"13":0,"14":0,"15":0,"16":0,"17":1,"18":1,"19":0,"20":2,"21":2},"f":{"0":1,"1":0,"2":0,"3":1,"4":0},"b":{}}
,"/Users/mjusic/Code/reedsy-challenge-node/node-app/src/import-job/helpers/import-job.helper.ts": {"path":"/Users/mjusic/Code/reedsy-challenge-node/node-app/src/import-job/helpers/import-job.helper.ts","statementMap":{"0":{"start":{"line":4,"column":38},"end":{"line":10,"column":2}},"1":{"start":{"line":4,"column":59},"end":{"line":10,"column":2}},"2":{"start":{"line":4,"column":13},"end":{"line":4,"column":38}}},"fnMap":{"0":{"name":"(anonymous_0)","decl":{"start":{"line":4,"column":38},"end":{"line":4,"column":39}},"loc":{"start":{"line":4,"column":59},"end":{"line":10,"column":2}}}},"branchMap":{},"s":{"0":3,"1":3,"2":3},"f":{"0":3},"b":{}}
,"/Users/mjusic/Code/reedsy-challenge-node/node-app/src/import-job/mapper/import-job-mapper.service.ts": {"path":"/Users/mjusic/Code/reedsy-challenge-node/node-app/src/import-job/mapper/import-job-mapper.service.ts","statementMap":{"0":{"start":{"line":2,"column":0},"end":{"line":2,"column":44}},"1":{"start":{"line":8,"column":0},"end":{"line":8,"column":69}},"2":{"start":{"line":9,"column":0},"end":{"line":9,"column":70}},"3":{"start":{"line":12,"column":7},"end":{"line":38,"column":null}},"4":{"start":{"line":14,"column":4},"end":{"line":21,"column":6}},"5":{"start":{"line":25,"column":48},"end":{"line":28,"column":6}},"6":{"start":{"line":29,"column":4},"end":{"line":35,"column":null}},"7":{"start":{"line":30,"column":6},"end":{"line":34,"column":null}},"8":{"start":{"line":31,"column":8},"end":{"line":33,"column":null}},"9":{"start":{"line":32,"column":10},"end":{"line":32,"column":66}},"10":{"start":{"line":36,"column":4},"end":{"line":36,"column":22}},"11":{"start":{"line":12,"column":13},"end":{"line":12,"column":35}},"12":{"start":{"line":12,"column":13},"end":{"line":38,"column":null}}},"fnMap":{"0":{"name":"(anonymous_1)","decl":{"start":{"line":13,"column":2},"end":{"line":13,"column":13}},"loc":{"start":{"line":13,"column":37},"end":{"line":22,"column":3}}},"1":{"name":"(anonymous_2)","decl":{"start":{"line":24,"column":2},"end":{"line":24,"column":26}},"loc":{"start":{"line":24,"column":44},"end":{"line":37,"column":3}}}},"branchMap":{"0":{"loc":{"start":{"line":29,"column":4},"end":{"line":35,"column":null}},"type":"if","locations":[{"start":{"line":29,"column":4},"end":{"line":35,"column":null}}]},"1":{"loc":{"start":{"line":31,"column":8},"end":{"line":33,"column":null}},"type":"if","locations":[{"start":{"line":31,"column":8},"end":{"line":33,"column":null}}]},"2":{"loc":{"start":{"line":31,"column":12},"end":{"line":31,"column":77}},"type":"binary-expr","locations":[{"start":{"line":31,"column":12},"end":{"line":31,"column":42}},{"start":{"line":31,"column":46},"end":{"line":31,"column":77}}]}},"s":{"0":3,"1":3,"2":3,"3":3,"4":1,"5":1,"6":1,"7":1,"8":3,"9":3,"10":1,"11":3,"12":3},"f":{"0":1,"1":1},"b":{"0":[1],"1":[3],"2":[3,1]}}
,"/Users/mjusic/Code/reedsy-challenge-node/node-app/src/import-job/schema/import-job.schema.ts": {"path":"/Users/mjusic/Code/reedsy-challenge-node/node-app/src/import-job/schema/import-job.schema.ts","statementMap":{"0":{"start":{"line":1,"column":0},"end":{"line":1,"column":63}},"1":{"start":{"line":2,"column":0},"end":{"line":2,"column":36}},"2":{"start":{"line":3,"column":0},"end":{"line":3,"column":69}},"3":{"start":{"line":6,"column":7},"end":{"line":24,"column":null}},"4":{"start":{"line":6,"column":13},"end":{"line":6,"column":22}},"5":{"start":{"line":8,"column":2},"end":{"line":8,"column":null}},"6":{"start":{"line":11,"column":2},"end":{"line":11,"column":null}},"7":{"start":{"line":14,"column":2},"end":{"line":14,"column":null}},"8":{"start":{"line":17,"column":2},"end":{"line":17,"column":null}},"9":{"start":{"line":20,"column":2},"end":{"line":20,"column":null}},"10":{"start":{"line":23,"column":2},"end":{"line":23,"column":null}},"11":{"start":{"line":6,"column":13},"end":{"line":24,"column":null}},"12":{"start":{"line":26,"column":13},"end":{"line":26,"column":68}}},"fnMap":{},"branchMap":{},"s":{"0":2,"1":2,"2":2,"3":2,"4":2,"5":2,"6":2,"7":2,"8":2,"9":2,"10":2,"11":2,"12":2},"f":{},"b":{}}
}
