TN:
SF:src/common/enums/state.enum.ts
FN:1,(anonymous_0)
FN:6,(anonymous_1)
FN:13,(anonymous_2)
FNF:3
FNH:3
FNDA:6,(anonymous_0)
FNDA:6,(anonymous_1)
FNDA:6,(anonymous_2)
DA:1,6
DA:2,6
DA:3,6
DA:6,6
DA:7,6
DA:8,6
DA:9,6
DA:10,6
DA:13,6
DA:14,6
DA:15,6
LF:11
LH:11
BRDA:1,0,0,6
BRDA:1,0,1,6
BRDA:6,1,0,6
BRDA:6,1,1,6
BRDA:13,2,0,6
BRDA:13,2,1,6
BRF:6
BRH:6
end_of_record
TN:
SF:src/export-job/export-job.controller.ts
FN:7,(anonymous_4)
FN:10,(anonymous_5)
FN:15,(anonymous_6)
FNF:3
FNH:3
FNDA:3,(anonymous_4)
FNDA:1,(anonymous_5)
FNDA:1,(anonymous_6)
DA:1,1
DA:2,1
DA:3,1
DA:6,1
DA:7,3
DA:10,1
DA:11,1
DA:15,1
DA:16,1
LF:9
LH:9
BRF:0
BRH:0
end_of_record
TN:
SF:src/export-job/export-job.service.ts
FN:16,(anonymous_4)
FN:21,(anonymous_5)
FN:28,(anonymous_6)
FN:37,(anonymous_7)
FN:43,(anonymous_8)
FNF:5
FNH:3
FNDA:2,(anonymous_4)
FNDA:1,(anonymous_5)
FNDA:0,(anonymous_6)
FNDA:0,(anonymous_7)
FNDA:1,(anonymous_8)
DA:1,2
DA:2,2
DA:3,2
DA:9,2
DA:10,2
DA:11,2
DA:14,2
DA:17,2
DA:18,2
DA:24,1
DA:25,1
DA:27,1
DA:28,1
DA:29,0
DA:30,0
DA:31,0
DA:34,1
DA:38,0
DA:40,0
DA:44,1
DA:46,0
DA:48,1
DA:50,0
LF:23
LH:16
BRDA:44,0,0,0
BRDA:44,0,1,1
BRDA:44,0,2,0
BRF:3
BRH:1
end_of_record
TN:
SF:src/export-job/helpers/export-job.helper.ts
FN:4,(anonymous_0)
FNF:1
FNH:1
FNDA:3,(anonymous_0)
DA:4,3
LF:1
LH:1
BRF:0
BRH:0
end_of_record
TN:
SF:src/export-job/mappers/export-job-mapper.service.ts
FN:13,(anonymous_1)
FN:23,(anonymous_2)
FNF:2
FNH:2
FNDA:1,(anonymous_1)
FNDA:1,(anonymous_2)
DA:2,3
DA:8,3
DA:9,3
DA:12,3
DA:14,1
DA:24,1
DA:28,1
DA:29,1
DA:30,3
DA:31,3
DA:35,1
LF:11
LH:11
BRDA:28,0,0,1
BRDA:30,1,0,3
BRDA:30,2,0,3
BRDA:30,2,1,1
BRF:4
BRH:4
end_of_record
TN:
SF:src/export-job/schema/export-job.schema.ts
FNF:0
FNH:0
DA:1,2
DA:2,2
DA:3,2
DA:6,2
DA:8,2
DA:11,2
DA:14,2
DA:17,2
DA:20,2
DA:23,2
LF:10
LH:10
BRF:0
BRH:0
end_of_record
TN:
SF:src/import-job/import-job.controller.ts
FN:7,(anonymous_4)
FN:10,(anonymous_5)
FN:15,(anonymous_6)
FNF:3
FNH:3
FNDA:3,(anonymous_4)
FNDA:1,(anonymous_5)
FNDA:1,(anonymous_6)
DA:1,1
DA:2,1
DA:3,1
DA:6,1
DA:7,3
DA:10,1
DA:11,1
DA:15,1
DA:16,1
LF:9
LH:9
BRF:0
BRH:0
end_of_record
TN:
SF:src/import-job/import-job.service.ts
FN:15,(anonymous_4)
FN:20,(anonymous_5)
FN:27,(anonymous_6)
FN:36,(anonymous_7)
FN:42,(anonymous_8)
FNF:5
FNH:2
FNDA:1,(anonymous_4)
FNDA:0,(anonymous_5)
FNDA:0,(anonymous_6)
FNDA:1,(anonymous_7)
FNDA:0,(anonymous_8)
DA:1,2
DA:2,2
DA:3,2
DA:5,2
DA:6,2
DA:11,2
DA:14,2
DA:16,1
DA:17,1
DA:23,0
DA:24,0
DA:26,0
DA:27,0
DA:28,0
DA:29,0
DA:30,0
DA:33,0
DA:37,1
DA:39,1
DA:43,0
LF:20
LH:11
BRF:0
BRH:0
end_of_record
TN:
SF:src/import-job/helpers/import-job.helper.ts
FN:4,(anonymous_0)
FNF:1
FNH:1
FNDA:3,(anonymous_0)
DA:4,3
LF:1
LH:1
BRF:0
BRH:0
end_of_record
TN:
SF:src/import-job/mapper/import-job-mapper.service.ts
FN:13,(anonymous_1)
FN:24,(anonymous_2)
FNF:2
FNH:2
FNDA:1,(anonymous_1)
FNDA:1,(anonymous_2)
DA:2,3
DA:8,3
DA:9,3
DA:12,3
DA:14,1
DA:25,1
DA:29,1
DA:30,1
DA:31,3
DA:32,3
DA:36,1
LF:11
LH:11
BRDA:29,0,0,1
BRDA:31,1,0,3
BRDA:31,2,0,3
BRDA:31,2,1,1
BRF:4
BRH:4
end_of_record
TN:
SF:src/import-job/schema/import-job.schema.ts
FNF:0
FNH:0
DA:1,2
DA:2,2
DA:3,2
DA:6,2
DA:8,2
DA:11,2
DA:14,2
DA:17,2
DA:20,2
DA:23,2
DA:26,2
LF:11
LH:11
BRF:0
BRH:0
end_of_record
